{"D:\\WILLY\\dicoding\\Belajar Dasar Pemrograman JavaScript\\latihantesting\\gradeCalculations.js": {"path":"D:\\WILLY\\dicoding\\Belajar Dasar Pemrograman JavaScript\\latihantesting\\gradeCalculations.js","statementMap":{"0":{"start":{"line":1,"column":21},"end":{"line":8,"column":1}},"1":{"start":{"line":2,"column":27},"end":{"line":2,"column":77}},"2":{"start":{"line":2,"column":52},"end":{"line":2,"column":76}},"3":{"start":{"line":3,"column":2},"end":{"line":3,"column":59}},"4":{"start":{"line":3,"column":25},"end":{"line":3,"column":59}},"5":{"start":{"line":6,"column":20},"end":{"line":6,"column":99}},"6":{"start":{"line":6,"column":69},"end":{"line":6,"column":95}},"7":{"start":{"line":7,"column":2},"end":{"line":7,"column":38}},"8":{"start":{"line":10,"column":26},"end":{"line":21,"column":1}},"9":{"start":{"line":11,"column":20},"end":{"line":11,"column":22}},"10":{"start":{"line":12,"column":18},"end":{"line":12,"column":42}},"11":{"start":{"line":14,"column":2},"end":{"line":20,"column":3}},"12":{"start":{"line":15,"column":4},"end":{"line":15,"column":42}},"13":{"start":{"line":16,"column":4},"end":{"line":16,"column":15}},"14":{"start":{"line":18,"column":4},"end":{"line":18,"column":42}},"15":{"start":{"line":19,"column":4},"end":{"line":19,"column":16}},"16":{"start":{"line":23,"column":0},"end":{"line":23,"column":52}}},"fnMap":{"0":{"name":"(anonymous_0)","decl":{"start":{"line":1,"column":21},"end":{"line":1,"column":22}},"loc":{"start":{"line":1,"column":37},"end":{"line":8,"column":1}},"line":1},"1":{"name":"(anonymous_1)","decl":{"start":{"line":2,"column":44},"end":{"line":2,"column":45}},"loc":{"start":{"line":2,"column":52},"end":{"line":2,"column":76}},"line":2},"2":{"name":"(anonymous_2)","decl":{"start":{"line":6,"column":38},"end":{"line":6,"column":39}},"loc":{"start":{"line":6,"column":69},"end":{"line":6,"column":95}},"line":6},"3":{"name":"(anonymous_3)","decl":{"start":{"line":10,"column":26},"end":{"line":10,"column":27}},"loc":{"start":{"line":10,"column":48},"end":{"line":21,"column":1}},"line":10}},"branchMap":{"0":{"loc":{"start":{"line":3,"column":2},"end":{"line":3,"column":59}},"type":"if","locations":[{"start":{"line":3,"column":2},"end":{"line":3,"column":59}},{"start":{},"end":{}}],"line":3},"1":{"loc":{"start":{"line":14,"column":2},"end":{"line":20,"column":3}},"type":"if","locations":[{"start":{"line":14,"column":2},"end":{"line":20,"column":3}},{"start":{"line":17,"column":9},"end":{"line":20,"column":3}}],"line":14}},"s":{"0":1,"1":4,"2":14,"3":4,"4":1,"5":3,"6":12,"7":3,"8":1,"9":2,"10":2,"11":2,"12":1,"13":1,"14":1,"15":1,"16":1},"f":{"0":4,"1":14,"2":12,"3":2},"b":{"0":[1,3],"1":[1,1]},"_coverageSchema":"1a1c01bbd47fc00a2c39e90264f33305004495a9","hash":"8a9d5f828698fc6155826af9ea4f410e07d3ccd6"}
}
